<?xml version="1.0" encoding="UTF-8"?>
<testsuite name="AccountServiceTest" tests="1" skipped="0" failures="0" errors="0" timestamp="2021-12-12T10:50:56" hostname="ev-k6.kzn.21-school.ru" time="11.124">
  <properties/>
  <testcase name="start" classname="AccountServiceTest" time="11.124"/>
  <system-out><![CDATA[?[1;31m
Start test 1?[0m

  .   ____          _            __ _ _
 /\\ / ___'_ __ _ _(_)_ __  __ _ \ \ \ \
( ( )\___ | '_ | '_| | '_ \/ _` | \ \ \ \
 \\/  ___)| |_)| | | | | || (_| |  ) ) ) )
  '  |____| .__|_| |_|_| |_\__, | / / / /
 =========|_|==============|___/=/_/_/_/
 :: Spring Boot ::        (v2.3.1.RELEASE)

2021-12-12 13:50:57.400  INFO 39834 --- [    Test worker] account.AccountServiceApplication        : Starting AccountServiceApplication on ev-k6.kzn.21-school.ru with PID 39834 (started by hveiled in /Users/hveiled/IdeaProjects/Account Service1/Account Service/task)
2021-12-12 13:50:57.403  INFO 39834 --- [    Test worker] account.AccountServiceApplication        : No active profile set, falling back to default profiles: default
2021-12-12 13:50:58.303  INFO 39834 --- [    Test worker] .s.d.r.c.RepositoryConfigurationDelegate : Bootstrapping Spring Data JPA repositories in DEFERRED mode.
2021-12-12 13:50:58.358  INFO 39834 --- [    Test worker] .s.d.r.c.RepositoryConfigurationDelegate : Finished Spring Data repository scanning in 49ms. Found 2 JPA repository interfaces.
2021-12-12 13:50:58.802  INFO 39834 --- [    Test worker] o.s.b.w.embedded.tomcat.TomcatWebServer  : Tomcat initialized with port(s): 28852 (http)
2021-12-12 13:50:58.810  INFO 39834 --- [    Test worker] o.apache.catalina.core.StandardService   : Starting service [Tomcat]
2021-12-12 13:50:58.811  INFO 39834 --- [    Test worker] org.apache.catalina.core.StandardEngine  : Starting Servlet engine: [Apache Tomcat/9.0.36]
2021-12-12 13:50:58.889  INFO 39834 --- [    Test worker] o.a.c.c.C.[Tomcat].[localhost].[/]       : Initializing Spring embedded WebApplicationContext
2021-12-12 13:50:58.890  INFO 39834 --- [    Test worker] w.s.c.ServletWebServerApplicationContext : Root WebApplicationContext: initialization completed in 1450 ms
2021-12-12 13:50:58.995  INFO 39834 --- [    Test worker] com.zaxxer.hikari.HikariDataSource       : HikariPool-1 - Starting...
2021-12-12 13:50:59.150  INFO 39834 --- [    Test worker] com.zaxxer.hikari.HikariDataSource       : HikariPool-1 - Start completed.
2021-12-12 13:50:59.157  INFO 39834 --- [    Test worker] o.s.b.a.h2.H2ConsoleAutoConfiguration    : H2 console available at '/h2'. Database available at 'jdbc:h2:file:../service_db'
2021-12-12 13:50:59.252  INFO 39834 --- [    Test worker] o.s.s.concurrent.ThreadPoolTaskExecutor  : Initializing ExecutorService 'applicationTaskExecutor'
2021-12-12 13:50:59.302  INFO 39834 --- [         task-1] o.hibernate.jpa.internal.util.LogHelper  : HHH000204: Processing PersistenceUnitInfo [name: default]
2021-12-12 13:50:59.450  INFO 39834 --- [         task-1] org.hibernate.Version                    : HHH000412: Hibernate ORM core version 5.4.17.Final
2021-12-12 13:50:59.686  INFO 39834 --- [         task-1] o.hibernate.annotations.common.Version   : HCANN000001: Hibernate Commons Annotations {5.1.0.Final}
2021-12-12 13:50:59.774  INFO 39834 --- [    Test worker] o.s.b.a.e.web.EndpointLinksResolver      : Exposing 14 endpoint(s) beneath base path '/actuator'
2021-12-12 13:50:59.790  INFO 39834 --- [         task-1] org.hibernate.dialect.Dialect            : HHH000400: Using dialect: org.hibernate.dialect.H2Dialect
2021-12-12 13:50:59.829  INFO 39834 --- [    Test worker] o.s.s.web.DefaultSecurityFilterChain     : Creating filter chain: any request, [org.springframework.security.web.context.request.async.WebAsyncManagerIntegrationFilter@3efb2a06, org.springframework.security.web.context.SecurityContextPersistenceFilter@524acb06, org.springframework.security.web.header.HeaderWriterFilter@6c787852, org.springframework.security.web.authentication.logout.LogoutFilter@3f45da53, org.springframework.security.web.authentication.www.BasicAuthenticationFilter@7c339756, org.springframework.security.web.savedrequest.RequestCacheAwareFilter@47deffa7, org.springframework.security.web.servletapi.SecurityContextHolderAwareRequestFilter@5f3fec1c, org.springframework.security.web.authentication.AnonymousAuthenticationFilter@7eba5431, org.springframework.security.web.session.SessionManagementFilter@6ed73b4f, org.springframework.security.web.access.ExceptionTranslationFilter@7e2e490f, org.springframework.security.web.access.intercept.FilterSecurityInterceptor@d780b74]
2021-12-12 13:51:00.483  INFO 39834 --- [         task-1] o.h.e.t.j.p.i.JtaPlatformInitiator       : HHH000490: Using JtaPlatform implementation: [org.hibernate.engine.transaction.jta.platform.internal.NoJtaPlatform]
2021-12-12 13:51:00.494  INFO 39834 --- [         task-1] j.LocalContainerEntityManagerFactoryBean : Initialized JPA EntityManagerFactory for persistence unit 'default'
2021-12-12 13:51:00.565  INFO 39834 --- [    Test worker] o.s.b.w.embedded.tomcat.TomcatWebServer  : Tomcat started on port(s): 28852 (http) with context path ''
2021-12-12 13:51:00.566  INFO 39834 --- [    Test worker] DeferredRepositoryInitializationListener : Triggering deferred initialization of Spring Data repositories…
2021-12-12 13:51:00.818  INFO 39834 --- [    Test worker] DeferredRepositoryInitializationListener : Spring Data repositories initialized!
2021-12-12 13:51:00.828  INFO 39834 --- [    Test worker] account.AccountServiceApplication        : Started AccountServiceApplication in 3.664 seconds (JVM running for 4.281)
2021-12-12 13:51:01.098  INFO 39834 --- [io-28852-exec-1] o.a.c.c.C.[Tomcat].[localhost].[/]       : Initializing Spring DispatcherServlet 'dispatcherServlet'
2021-12-12 13:51:01.098  INFO 39834 --- [io-28852-exec-1] o.s.web.servlet.DispatcherServlet        : Initializing Servlet 'dispatcherServlet'
2021-12-12 13:51:01.104  INFO 39834 --- [io-28852-exec-1] o.s.web.servlet.DispatcherServlet        : Completed initialization in 5 ms
2021-12-12 13:51:01.215  WARN 39834 --- [io-28852-exec-1] .w.s.m.s.DefaultHandlerExceptionResolver : Resolved [org.springframework.web.bind.MethodArgumentNotValidException: Validation failed for argument [0] in public account.model.UserResponse account.controller.AuthenticationController.signup(account.model.User): [Field error in object 'user' on field 'name': rejected value []; codes [NotEmpty.user.name,NotEmpty.name,NotEmpty.java.lang.String,NotEmpty]; arguments [org.springframework.context.support.DefaultMessageSourceResolvable: codes [user.name,name]; arguments []; default message [name]]; default message [must not be empty]] ]
?[1;31m
Start test 2?[0m
2021-12-12 13:51:01.246  WARN 39834 --- [io-28852-exec-2] .w.s.m.s.DefaultHandlerExceptionResolver : Resolved [org.springframework.web.bind.MethodArgumentNotValidException: Validation failed for argument [0] in public account.model.UserResponse account.controller.AuthenticationController.signup(account.model.User) with 2 errors: [Field error in object 'user' on field 'name': rejected value [null]; codes [NotNull.user.name,NotNull.name,NotNull.java.lang.String,NotNull]; arguments [org.springframework.context.support.DefaultMessageSourceResolvable: codes [user.name,name]; arguments []; default message [name]]; default message [must not be null]] [Field error in object 'user' on field 'name': rejected value [null]; codes [NotEmpty.user.name,NotEmpty.name,NotEmpty.java.lang.String,NotEmpty]; arguments [org.springframework.context.support.DefaultMessageSourceResolvable: codes [user.name,name]; arguments []; default message [name]]; default message [must not be empty]] ]
?[1;31m
Start test 3?[0m
2021-12-12 13:51:01.256  WARN 39834 --- [io-28852-exec-3] .w.s.m.s.DefaultHandlerExceptionResolver : Resolved [org.springframework.web.bind.MethodArgumentNotValidException: Validation failed for argument [0] in public account.model.UserResponse account.controller.AuthenticationController.signup(account.model.User): [Field error in object 'user' on field 'lastname': rejected value []; codes [NotEmpty.user.lastname,NotEmpty.lastname,NotEmpty.java.lang.String,NotEmpty]; arguments [org.springframework.context.support.DefaultMessageSourceResolvable: codes [user.lastname,lastname]; arguments []; default message [lastname]]; default message [must not be empty]] ]
?[1;31m
Start test 4?[0m
2021-12-12 13:51:01.264  WARN 39834 --- [io-28852-exec-4] .w.s.m.s.DefaultHandlerExceptionResolver : Resolved [org.springframework.web.bind.MethodArgumentNotValidException: Validation failed for argument [0] in public account.model.UserResponse account.controller.AuthenticationController.signup(account.model.User) with 2 errors: [Field error in object 'user' on field 'lastname': rejected value [null]; codes [NotNull.user.lastname,NotNull.lastname,NotNull.java.lang.String,NotNull]; arguments [org.springframework.context.support.DefaultMessageSourceResolvable: codes [user.lastname,lastname]; arguments []; default message [lastname]]; default message [must not be null]] [Field error in object 'user' on field 'lastname': rejected value [null]; codes [NotEmpty.user.lastname,NotEmpty.lastname,NotEmpty.java.lang.String,NotEmpty]; arguments [org.springframework.context.support.DefaultMessageSourceResolvable: codes [user.lastname,lastname]; arguments []; default message [lastname]]; default message [must not be empty]] ]
?[1;31m
Start test 5?[0m
2021-12-12 13:51:01.273  WARN 39834 --- [io-28852-exec-5] .w.s.m.s.DefaultHandlerExceptionResolver : Resolved [org.springframework.web.bind.MethodArgumentNotValidException: Validation failed for argument [0] in public account.model.UserResponse account.controller.AuthenticationController.signup(account.model.User) with 2 errors: [Field error in object 'user' on field 'email': rejected value []; codes [Pattern.user.email,Pattern.email,Pattern.java.lang.String,Pattern]; arguments [org.springframework.context.support.DefaultMessageSourceResolvable: codes [user.email,email]; arguments []; default message [email],[Ljavax.validation.constraints.Pattern$Flag;@91d930f,\w+@acme.com]; default message [Invalid email]] [Field error in object 'user' on field 'email': rejected value []; codes [NotEmpty.user.email,NotEmpty.email,NotEmpty.java.lang.String,NotEmpty]; arguments [org.springframework.context.support.DefaultMessageSourceResolvable: codes [user.email,email]; arguments []; default message [email]]; default message [must not be empty]] ]
?[1;31m
Start test 6?[0m
2021-12-12 13:51:01.281  WARN 39834 --- [io-28852-exec-6] .w.s.m.s.DefaultHandlerExceptionResolver : Resolved [org.springframework.web.bind.MethodArgumentNotValidException: Validation failed for argument [0] in public account.model.UserResponse account.controller.AuthenticationController.signup(account.model.User) with 2 errors: [Field error in object 'user' on field 'email': rejected value [null]; codes [NotEmpty.user.email,NotEmpty.email,NotEmpty.java.lang.String,NotEmpty]; arguments [org.springframework.context.support.DefaultMessageSourceResolvable: codes [user.email,email]; arguments []; default message [email]]; default message [must not be empty]] [Field error in object 'user' on field 'email': rejected value [null]; codes [NotNull.user.email,NotNull.email,NotNull.java.lang.String,NotNull]; arguments [org.springframework.context.support.DefaultMessageSourceResolvable: codes [user.email,email]; arguments []; default message [email]]; default message [must not be null]] ]
?[1;31m
Start test 7?[0m
2021-12-12 13:51:01.290  WARN 39834 --- [io-28852-exec-7] .w.s.m.s.DefaultHandlerExceptionResolver : Resolved [org.springframework.web.bind.MethodArgumentNotValidException: Validation failed for argument [0] in public account.model.UserResponse account.controller.AuthenticationController.signup(account.model.User) with 2 errors: [Field error in object 'user' on field 'password': rejected value []; codes [NotEmpty.user.password,NotEmpty.password,NotEmpty.java.lang.String,NotEmpty]; arguments [org.springframework.context.support.DefaultMessageSourceResolvable: codes [user.password,password]; arguments []; default message [password]]; default message [must not be empty]] [Field error in object 'user' on field 'password': rejected value []; codes [Size.user.password,Size.password,Size.java.lang.String,Size]; arguments [org.springframework.context.support.DefaultMessageSourceResolvable: codes [user.password,password]; arguments []; default message [password],2147483647,12]; default message [size must be between 12 and 2147483647]] ]
?[1;31m
Start test 8?[0m
2021-12-12 13:51:01.298  WARN 39834 --- [io-28852-exec-8] .w.s.m.s.DefaultHandlerExceptionResolver : Resolved [org.springframework.web.bind.MethodArgumentNotValidException: Validation failed for argument [0] in public account.model.UserResponse account.controller.AuthenticationController.signup(account.model.User) with 2 errors: [Field error in object 'user' on field 'password': rejected value [null]; codes [NotNull.user.password,NotNull.password,NotNull.java.lang.String,NotNull]; arguments [org.springframework.context.support.DefaultMessageSourceResolvable: codes [user.password,password]; arguments []; default message [password]]; default message [must not be null]] [Field error in object 'user' on field 'password': rejected value [null]; codes [NotEmpty.user.password,NotEmpty.password,NotEmpty.java.lang.String,NotEmpty]; arguments [org.springframework.context.support.DefaultMessageSourceResolvable: codes [user.password,password]; arguments []; default message [password]]; default message [must not be empty]] ]
?[1;31m
Start test 9?[0m
2021-12-12 13:51:01.306  WARN 39834 --- [io-28852-exec-9] .w.s.m.s.DefaultHandlerExceptionResolver : Resolved [org.springframework.web.bind.MethodArgumentNotValidException: Validation failed for argument [0] in public account.model.UserResponse account.controller.AuthenticationController.signup(account.model.User): [Field error in object 'user' on field 'email': rejected value [johndoeacme.com]; codes [Pattern.user.email,Pattern.email,Pattern.java.lang.String,Pattern]; arguments [org.springframework.context.support.DefaultMessageSourceResolvable: codes [user.email,email]; arguments []; default message [email],[Ljavax.validation.constraints.Pattern$Flag;@91d930f,\w+@acme.com]; default message [Invalid email]] ]
?[1;31m
Start test 10?[0m
2021-12-12 13:51:01.313  WARN 39834 --- [o-28852-exec-10] .w.s.m.s.DefaultHandlerExceptionResolver : Resolved [org.springframework.web.bind.MethodArgumentNotValidException: Validation failed for argument [0] in public account.model.UserResponse account.controller.AuthenticationController.signup(account.model.User): [Field error in object 'user' on field 'email': rejected value [johndoe@google.com]; codes [Pattern.user.email,Pattern.email,Pattern.java.lang.String,Pattern]; arguments [org.springframework.context.support.DefaultMessageSourceResolvable: codes [user.email,email]; arguments []; default message [email],[Ljavax.validation.constraints.Pattern$Flag;@91d930f,\w+@acme.com]; default message [Invalid email]] ]
?[1;31m
Start test 11?[0m
?[1;31m
Start test 12?[0m
?[1;31m
Start test 13?[0m
?[1;31m
Start test 14?[0m
?[1;31m
Start test 15?[0m
?[1;31m
Start test 16?[0m
?[1;31m
Start test 17?[0m
?[1;31m
Start test 18?[0m
?[1;31m
Start test 19?[0m
?[1;31m
Start test 20?[0m
?[1;31m
Start test 21?[0m
?[1;31m
Start test 22?[0m
?[1;31m
Start test 23?[0m
?[1;31m
Start test 24?[0m
?[1;31m
Start test 25?[0m
?[1;31m
Start test 26?[0m
2021-12-12 13:51:02.495  WARN 39834 --- [io-28852-exec-2] .w.s.m.s.DefaultHandlerExceptionResolver : Resolved [org.springframework.web.bind.MethodArgumentNotValidException: Validation failed for argument [0] in public java.util.Map<java.lang.String, java.lang.String> account.controller.AuthenticationController.changePass(account.model.NewPassword): [Field error in object 'newPassword' on field 'password': rejected value [oMoa3Vvqn]; codes [Size.newPassword.password,Size.password,Size.java.lang.String,Size]; arguments [org.springframework.context.support.DefaultMessageSourceResolvable: codes [newPassword.password,password]; arguments []; default message [password],2147483647,12]; default message [The password length must be at least 12 symbols!]] ]
?[1;31m
Start test 27?[0m
?[1;31m
Start test 28?[0m
?[1;31m
Start test 29?[0m
?[1;31m
Start test 30?[0m
?[1;31m
Start test 31?[0m
?[1;31m
Start test 32?[0m
2021-12-12 13:51:04.369  INFO 39834 --- [     Thread-335] j.LocalContainerEntityManagerFactoryBean : Closing JPA EntityManagerFactory for persistence unit 'default'
2021-12-12 13:51:04.370  INFO 39834 --- [     Thread-335] o.s.s.concurrent.ThreadPoolTaskExecutor  : Shutting down ExecutorService 'applicationTaskExecutor'
2021-12-12 13:51:04.370  INFO 39834 --- [     Thread-335] com.zaxxer.hikari.HikariDataSource       : HikariPool-1 - Shutdown initiated...
2021-12-12 13:51:04.498  INFO 39834 --- [     Thread-335] com.zaxxer.hikari.HikariDataSource       : HikariPool-1 - Shutdown completed.

  .   ____          _            __ _ _
 /\\ / ___'_ __ _ _(_)_ __  __ _ \ \ \ \
( ( )\___ | '_ | '_| | '_ \/ _` | \ \ \ \
 \\/  ___)| |_)| | | | | || (_| |  ) ) ) )
  '  |____| .__|_| |_|_| |_\__, | / / / /
 =========|_|==============|___/=/_/_/_/
 :: Spring Boot ::        (v2.3.1.RELEASE)

2021-12-12 13:51:04.598  INFO 39834 --- [    Test worker] account.AccountServiceApplication        : Starting AccountServiceApplication on ev-k6.kzn.21-school.ru with PID 39834 (started by hveiled in /Users/hveiled/IdeaProjects/Account Service1/Account Service/task)
2021-12-12 13:51:04.598  INFO 39834 --- [    Test worker] account.AccountServiceApplication        : No active profile set, falling back to default profiles: default
2021-12-12 13:51:04.785  INFO 39834 --- [    Test worker] .s.d.r.c.RepositoryConfigurationDelegate : Bootstrapping Spring Data JPA repositories in DEFERRED mode.
2021-12-12 13:51:04.792  INFO 39834 --- [    Test worker] .s.d.r.c.RepositoryConfigurationDelegate : Finished Spring Data repository scanning in 6ms. Found 2 JPA repository interfaces.
2021-12-12 13:51:04.862  INFO 39834 --- [    Test worker] o.s.b.w.embedded.tomcat.TomcatWebServer  : Tomcat initialized with port(s): 28852 (http)
2021-12-12 13:51:04.862  INFO 39834 --- [    Test worker] o.apache.catalina.core.StandardService   : Starting service [Tomcat]
2021-12-12 13:51:04.863  INFO 39834 --- [    Test worker] org.apache.catalina.core.StandardEngine  : Starting Servlet engine: [Apache Tomcat/9.0.36]
2021-12-12 13:51:04.875  INFO 39834 --- [    Test worker] o.a.c.c.C.[Tomcat].[localhost].[/]       : Initializing Spring embedded WebApplicationContext
2021-12-12 13:51:04.875  INFO 39834 --- [    Test worker] w.s.c.ServletWebServerApplicationContext : Root WebApplicationContext: initialization completed in 275 ms
2021-12-12 13:51:04.904  INFO 39834 --- [    Test worker] com.zaxxer.hikari.HikariDataSource       : HikariPool-2 - Starting...
2021-12-12 13:51:04.909  INFO 39834 --- [    Test worker] com.zaxxer.hikari.HikariDataSource       : HikariPool-2 - Start completed.
2021-12-12 13:51:04.910  INFO 39834 --- [    Test worker] o.s.b.a.h2.H2ConsoleAutoConfiguration    : H2 console available at '/h2'. Database available at 'jdbc:h2:file:../service_db'
2021-12-12 13:51:04.945  INFO 39834 --- [    Test worker] o.s.s.concurrent.ThreadPoolTaskExecutor  : Initializing ExecutorService 'applicationTaskExecutor'
2021-12-12 13:51:04.948  INFO 39834 --- [         task-1] o.hibernate.jpa.internal.util.LogHelper  : HHH000204: Processing PersistenceUnitInfo [name: default]
2021-12-12 13:51:04.951  INFO 39834 --- [         task-1] org.hibernate.dialect.Dialect            : HHH000400: Using dialect: org.hibernate.dialect.H2Dialect
2021-12-12 13:51:04.996  INFO 39834 --- [         task-1] o.h.e.t.j.p.i.JtaPlatformInitiator       : HHH000490: Using JtaPlatform implementation: [org.hibernate.engine.transaction.jta.platform.internal.NoJtaPlatform]
2021-12-12 13:51:04.996  INFO 39834 --- [         task-1] j.LocalContainerEntityManagerFactoryBean : Initialized JPA EntityManagerFactory for persistence unit 'default'
2021-12-12 13:51:05.071  INFO 39834 --- [    Test worker] o.s.b.a.e.web.EndpointLinksResolver      : Exposing 14 endpoint(s) beneath base path '/actuator'
2021-12-12 13:51:05.079  INFO 39834 --- [    Test worker] o.s.s.web.DefaultSecurityFilterChain     : Creating filter chain: any request, [org.springframework.security.web.context.request.async.WebAsyncManagerIntegrationFilter@5b5ab3c9, org.springframework.security.web.context.SecurityContextPersistenceFilter@251e7edf, org.springframework.security.web.header.HeaderWriterFilter@7a646d69, org.springframework.security.web.authentication.logout.LogoutFilter@1cf7ed7a, org.springframework.security.web.authentication.www.BasicAuthenticationFilter@493c8548, org.springframework.security.web.savedrequest.RequestCacheAwareFilter@6ed6c02a, org.springframework.security.web.servletapi.SecurityContextHolderAwareRequestFilter@3780e7bc, org.springframework.security.web.authentication.AnonymousAuthenticationFilter@74ff5897, org.springframework.security.web.session.SessionManagementFilter@258b07f9, org.springframework.security.web.access.ExceptionTranslationFilter@988416f, org.springframework.security.web.access.intercept.FilterSecurityInterceptor@25d43f9]
2021-12-12 13:51:05.130  INFO 39834 --- [    Test worker] o.s.b.w.embedded.tomcat.TomcatWebServer  : Tomcat started on port(s): 28852 (http) with context path ''
2021-12-12 13:51:05.130  INFO 39834 --- [    Test worker] DeferredRepositoryInitializationListener : Triggering deferred initialization of Spring Data repositories…
2021-12-12 13:51:05.170  INFO 39834 --- [    Test worker] DeferredRepositoryInitializationListener : Spring Data repositories initialized!
2021-12-12 13:51:05.174  INFO 39834 --- [    Test worker] account.AccountServiceApplication        : Started AccountServiceApplication in 0.587 seconds (JVM running for 8.627)
?[1;31m
Start test 33?[0m
2021-12-12 13:51:05.177  INFO 39834 --- [io-28852-exec-1] o.a.c.c.C.[Tomcat].[localhost].[/]       : Initializing Spring DispatcherServlet 'dispatcherServlet'
2021-12-12 13:51:05.177  INFO 39834 --- [io-28852-exec-1] o.s.web.servlet.DispatcherServlet        : Initializing Servlet 'dispatcherServlet'
2021-12-12 13:51:05.179  INFO 39834 --- [io-28852-exec-1] o.s.web.servlet.DispatcherServlet        : Completed initialization in 2 ms
?[1;31m
Start test 34?[0m
?[1;31m
Start test 35?[0m
?[1;31m
Start test 36?[0m
?[1;31m
Start test 37?[0m
?[1;31m
Start test 38?[0m
?[1;31m
Start test 39?[0m
?[1;31m
Start test 40?[0m
?[1;31m
Start test 41?[0m
?[1;31m
Start test 42?[0m
?[1;31m
Start test 43?[0m
?[1;31m
Start test 44?[0m
?[1;31m
Start test 45?[0m
?[1;31m
Start test 46?[0m
?[1;31m
Start test 47?[0m
?[1;31m
Start test 48?[0m
?[1;31m
Start test 49?[0m
?[1;31m
Start test 50?[0m
?[1;31m
Start test 51?[0m
?[1;31m
Start test 52?[0m
?[1;31m
Start test 53?[0m
?[1;31m
Start test 54?[0m
?[1;31m
Start test 55?[0m
?[1;31m
Start test 56?[0m
?[1;31m
Start test 57?[0m
?[1;31m
Start test 58?[0m
?[1;31m
Start test 59?[0m
?[1;31m
Start test 60?[0m
?[1;31m
Start test 61?[0m
?[1;31m
Start test 62?[0m
?[1;31m
Start test 63?[0m
?[1;31m
Start test 64?[0m
?[1;31m
Start test 65?[0m
?[1;31m
Start test 66?[0m
2021-12-12 13:51:07.713  WARN 39834 --- [io-28852-exec-5] .w.s.m.s.DefaultHandlerExceptionResolver : Resolved [org.springframework.web.bind.MethodArgumentNotValidException: Validation failed for argument [0] in public java.util.Map<java.lang.String, java.lang.String> account.controller.AccountController.updatePayments(account.model.Payment): [Field error in object 'payment' on field 'period': rejected value [13-2021]; codes [Pattern.payment.period,Pattern.period,Pattern.java.lang.String,Pattern]; arguments [org.springframework.context.support.DefaultMessageSourceResolvable: codes [payment.period,period]; arguments []; default message [period],[Ljavax.validation.constraints.Pattern$Flag;@91d930f,^((0[1-9])|(1[0-2]))-(\d{4})$]; default message [Wrong date!]] ]
?[1;31m
Start test 67?[0m
2021-12-12 13:51:07.784  WARN 39834 --- [io-28852-exec-9] .w.s.m.s.DefaultHandlerExceptionResolver : Resolved [org.springframework.web.bind.MethodArgumentNotValidException: Validation failed for argument [0] in public java.util.Map<java.lang.String, java.lang.String> account.controller.AccountController.updatePayments(account.model.Payment): [Field error in object 'payment' on field 'salary': rejected value [-1]; codes [Min.payment.salary,Min.salary,Min.java.lang.Long,Min]; arguments [org.springframework.context.support.DefaultMessageSourceResolvable: codes [payment.salary,salary]; arguments []; default message [salary],0]; default message [Salary must be non negative!]] ]
?[1;31m
Start test 68?[0m
?[1;31m
Start test 69?[0m
?[1;31m
Start test 70?[0m
]]></system-out>
  <system-err><![CDATA[]]></system-err>
</testsuite>
